<?xml version="1.0" encoding="UTF-8"?>
<!-- Generated by org.testng.reporters.JUnitReportReporter -->
<testsuite hostname="DESKTOP-H3A1UNL" failures="0" tests="1" name="appium_testing.mobile_testing" time="٧.٠٤١" errors="0" timestamp="٢٠٢٥-٠٨-١٩T٠١:٣٤:٢٩ EET" skipped="0">
  <testcase classname="appium_testing.mobile_testing" name="Addition" time="٧.٠٤١"/>
</testsuite> <!-- appium_testing.mobile_testing -->
